<?xml version="1.0" encoding="UTF-8"?>
<!-- Generated by org.testng.reporters.JUnitReportReporter -->
<testsuite hostname="Edels-MacBook-Pro.local" failures="0" tests="1" name="Booking.LoginAccess" time="2.754" errors="0" timestamp="18 Mar 2021 15:50:24 GMT">
  <testcase classname="Booking.LoginAccess" name="allegiantLoginAccess" time="2.754"/>
</testsuite> <!-- Booking.LoginAccess -->
