<?xml version="1.0" encoding="UTF-8"?>
<!-- Generated by org.testng.reporters.JUnitReportReporter -->
<testsuite hostname="Edels-MacBook-Pro.local" failures="0" tests="1" name="Booking.SeachFlight" time="8.862" errors="0" timestamp="20 Mar 2021 15:04:55 GMT">
  <testcase classname="Booking.SeachFlight" name="allegiantSearchFLight" time="8.862"/>
</testsuite> <!-- Booking.SeachFlight -->
