<?xml version="1.0" encoding="UTF-8"?>
<!-- Generated by org.testng.reporters.JUnitReportReporter -->
<testsuite hostname="Edels-MacBook-Pro.local" failures="0" tests="1" name="Booking.LoginAccount" time="4.609" errors="0" timestamp="20 Mar 2021 15:04:55 GMT">
  <testcase classname="Booking.LoginAccount" name="allegiantLoginAccess" time="4.609"/>
</testsuite> <!-- Booking.LoginAccount -->
